20231212	02:00:17	d47a045b-0390-45fd-9360-6bc85906db02	GET /api/weather?city=Parma - 404 - 653ms
20231212	02:01:24	dea1e523-eb1a-4f4e-b552-97ecbfe8e430	GET /api/weather?city=London - 404 - 12ms
20231212	02:02:09	e9e6c012-6bc1-4ccf-a8b6-d2fcfb97e35c	GET /api/weather?city:Parma - 404 - 11ms
20231212	02:02:14	6cc864dd-4d47-49b0-9544-08f3d8525a07	GET /api/weather?Parma - 404 - 11ms
20231212	02:03:09	7295ac84-077c-4c87-9d01-4b0dff247fe2	GET /api/weather?city=Parma - 404 - 12ms
20231212	02:03:18	27b8d6d9-551f-4a88-8b67-19593ed34a99	GET /api/weather?city=London - 404 - 8ms
20231212	02:03:29	751d4b68-35e2-4f6c-949b-e5dd45428bb3	GET /api/weather/city=London - 500 - 382ms
20231212	02:04:31	900fb823-2115-4a22-84d2-aca19dff5638	GET /api/weather/city=Parma - 500 - 265ms
20231212	02:05:13	16548752-cbdb-4d91-a917-a8184f977a00	GET /api/weather/city=Parma - 500 - 475ms
20231212	02:05:52	0791fea7-bec3-4809-959f-23a76ebdde9b	GET /api/weather?city=Parma - 404 - 588ms
20231212	02:06:17	eca6d0e5-062c-41fe-b228-9ebeb4c59bb2	GET /api/weather/?city=Rome - 404 - 19ms
20231212	02:06:37	503833cd-6b2d-4502-85ad-8740bbc02cb4	GET /api/weather?city=Rome - 404 - 7ms
20231212	02:08:22	c3f4de40-d1c9-4e3f-b26e-af1e78a082c2	GET /api/weather?city=Rome - 404 - 504ms
20231212	02:08:50	0acbc5ab-3e19-4c80-845d-fe64e451bb6b	GET /api/weather?city=Parma - 404 - 18ms
20231212	02:09:05	dd8e751e-a0d3-47fa-ac85-43439c3a71cb	GET /api/weather?city?Parma - 404 - 13ms
20231212	02:09:08	8b7ed604-7146-44ef-8dad-cb7ac896e16e	GET /api/weather?city?Parma - 404 - 8ms
20231212	02:09:16	897568e2-7095-46f6-946a-77e0c488de63	GET /api/weather?city:Parma - 404 - 11ms
20231212	02:09:28	28a7b912-196e-4bc3-9dd2-0b7baec96418	GET /api/weather?:city=Parma - 404 - 13ms
20231212	02:09:34	926c8d5d-c301-4234-8a9f-bf11dfac33be	GET /api/weather:city=Parma - 404 - 10ms
20231212	02:15:20	5bccace2-6ef3-44e9-b088-210f1a0077c1	GET /api/weather?city=Parma - 404 - 518ms
20231212	02:15:34	c53e9077-b3f1-4e94-86ab-7b4c2ee51f37	GET /api/weather?city=Rome - 404 - 9ms
20231212	02:16:52	346e5452-c8b8-41fc-b03d-76b0ff4f0de8	GET /api/weather?city=Rome - 404 - 234ms
20231212	02:17:00	a7af8722-a099-473a-9aa9-a1ff01969163	GET /api/weather?city=Parma - 404 - 27ms
20231212	02:17:11	1189a5cb-120d-4b12-ac20-baeba000c5bd	GET /api/weather?Parma - 404 - 15ms
20231212	02:17:20	eb639945-0895-41ff-b464-75c4277e5460	GET /api/weather:Parma - 404 - 12ms
20231212	02:17:31	bd69a5e3-33e9-411f-b2b8-9a88cad570dc	GET /api/weather/Parma - 400 - 2ms
20231212	02:17:35	931fa5d8-dfda-49f6-a88e-20160a7b075a	GET /api/weather/Parma - 400 - 1ms
20231212	02:17:47	4f969c6b-ac78-49f2-bfe4-d993fb7af43c	GET /api/weather/city=Parma - 400 - 2ms
20231212	02:17:52	d5345fba-8bfc-4a29-93a8-eff0ff9fe894	GET /api/weather/city=Parma - 400 - 1ms
20231212	02:18:03	ff9cda24-4a43-41fe-acf2-9ac0bd7b8dc3	GET /api/weather/?Parma - 404 - 13ms
20231212	02:18:12	e0be6934-4e2e-40c2-a6f7-c0341304366c	GET /api/weather/:Parma - 400 - 1ms
20231212	02:18:20	25595816-147a-44f9-b4b8-af5e7e2a43ce	GET /api/weather/city:Parma - 400 - 1ms
20231212	02:18:25	fcc77801-a0e8-48a4-ba8b-c33a418e39de	GET /api/weather/city?Parma - 400 - 1ms
20231212	02:18:36	bae59044-1cea-4e15-b233-2e221c45ab20	GET /api/weather/city?Parma - 400 - 1ms
20231212	02:18:42	c3fbfc38-6b01-47ef-84c0-f447d3e30877	GET /api/weather/city=Parma - 400 - 2ms
20231212	02:18:46	fef7283d-d4f4-451c-9b2b-44db525a56bf	GET /api/weather/city=Parma - 400 - 1ms
20231212	02:19:02	3d4a64e7-c6d6-4e0b-bd0d-6cac417e7af3	GET /api/weather/city=Parma - 400 - 0ms
20231212	02:19:09	025e87b0-4d96-4bfd-a680-376ed9cdd0ce	GET /api/weather?city=Rome - 404 - 9ms
20231212	02:19:31	714ea208-f95c-46b7-b619-7c10252189df	GET /api/weather?city=Rome - 404 - 8ms
20231212	02:21:26	0a1c6c02-b98a-4bf1-b011-c4656a6658f9	GET /api/weather?city=Rome - 404 - 465ms
20231212	02:21:55	c3102da0-1c6a-4af6-bc58-9225ae53484c	GET /api/weather/?city=Rome - 404 - 16ms
20231212	02:22:00	b50d00ed-4dfa-4c31-91eb-92d359e91ce9	GET /api/weather/city=Rome - 400 - 2ms
20231212	02:22:10	5932d433-ab64-4ffe-8231-67692e818999	GET /api/weather/:city=Rome - 400 - 1ms
20231212	02:22:31	23b56cd3-1cc1-4308-99b5-8df048a8eb47	GET /api/weather/q=Rome - 400 - 1ms
20231212	02:22:36	aff2e2a4-2040-431e-ade8-93f7820502d7	GET /api/weather?q=Rome - 404 - 12ms
20231212	02:22:43	ec93ae9b-04c5-4fa4-befc-e778a8d34cd8	GET /api/weather/q=Rome - 400 - 1ms
20231212	02:22:55	b97e5c9d-200b-4538-919a-d5fc04a02187	GET /api/weather/city='Rome' - 400 - 1ms
20231212	02:23:01	d68ce2b2-d5b0-4f75-a7b7-0574d70a5877	GET /api/weather/city='%22Rome%22 - 400 - 1ms
20231212	02:23:15	7de3f393-ea95-4248-9fc8-90585bf1aeb1	GET /api/weather/city=%22Rome%22 - 400 - 1ms
20231212	02:23:38	ef3c43af-41d0-4d4c-b147-2061df8a1d06	GET /api/weather/city=%22Rome%22 - 400 - 20ms
20231212	02:23:52	fd644d7c-df55-4ef1-bb25-fca3145e5752	GET /api/weather/city:Rome - 400 - 2ms
20231212	02:23:57	04191648-6ba2-4d6a-b550-be72a1333513	GET /api/weather/Rome - 400 - 2ms
20231212	02:24:10	dfbdc2de-6d58-433b-b32a-ab26239d88b3	GET /api/weather?city=Rome - 404 - 9ms
20231212	02:24:14	421df550-89e3-4dcd-bb0c-20e40618da3c	GET /api/weather?city=Rome - 404 - 11ms
20231212	02:24:50	b22dbbdf-b62b-4b95-adaa-747501e8cc4c	GET /api/weather?city=Rome - 404 - 494ms
20231212	02:25:05	c54db2db-3631-44db-901b-15e80d82676e	GET /api/weather?city=Rome - 404 - 16ms
20231212	02:25:21	9ed96df4-260c-49a3-a510-da9032fbae89	GET /api/weather?city=Rome - 404 - 443ms
20231212	02:25:27	488c9602-1dde-4134-8bc1-9fdf77d45fb0	GET /api/weather?city=Rome - 404 - 17ms
20231212	02:25:33	b56b4d8d-1945-432c-b371-b8383aa84718	GET /api/weather/city=Rome - 404 - 12ms
20231212	02:25:41	fd738ebd-3278-41d0-a5a1-7f82abd99d72	GET /api/weather?city=Rome - 404 - 8ms
20231212	02:26:23	71ef065c-7ca9-4ed5-8195-4ff9a877603f	GET /api/weather?city=Rome - 404 - 449ms
20231212	02:26:56	b5306d63-babe-4e48-ba29-b7f0ee41c944	GET /api/weather/city=Parma - 404 - 414ms
20231212	02:38:57	647be6de-2763-43d5-8baa-0d74ac85aeea	GET /api/weather?city=Parma - 500 - 285ms
20231212	02:39:12	8ed8e08f-50a4-43be-8cfe-766f4104eeb2	GET /api/weather?city=Parma - 500 - 306ms
